# JRE version: OpenJDK Runtime Environment (7.0_79-b14) (build 1.7.0_79-b14)
# Java VM: OpenJDK 64-Bit Server VM (24.79-b02 mixed mode linux-amd64 compressed oops)
Heap
 PSYoungGen      total 94720K, used 56307K [0x00000000eaa80000, 0x00000000f1400000, 0x0000000100000000)
  eden space 90624K, 58% used [0x00000000eaa80000,0x00000000eddf4f78,0x00000000f0300000)
  from space 4096K, 88% used [0x00000000f0380000,0x00000000f0708010,0x00000000f0780000)
  to   space 8704K, 0% used [0x00000000f0b80000,0x00000000f0b80000,0x00000000f1400000)
 ParOldGen       total 698880K, used 453848K [0x00000000c0000000, 0x00000000eaa80000, 0x00000000eaa80000)
  object space 698880K, 64% used [0x00000000c0000000,0x00000000dbb36248,0x00000000eaa80000)
 PSPermGen       total 80384K, used 79309K [0x0000000080000000, 0x0000000084e80000, 0x00000000c0000000)
  object space 80384K, 98% used [0x0000000080000000,0x0000000084d73510,0x0000000084e80000)
GC Heap History (10 events):
Event: 477167,990 GC heap before
{Heap before GC invocations=2411 (full 53):
 PSYoungGen      total 103424K, used 96064K [0x00000000eaa80000, 0x00000000f1c80000, 0x0000000100000000)
  eden space 94208K, 100% used [0x00000000eaa80000,0x00000000f0680000,0x00000000f0680000)
  from space 9216K, 20% used [0x00000000f1380000,0x00000000f1550010,0x00000000f1c80000)
  to   space 11264K, 0% used [0x00000000f0680000,0x00000000f0680000,0x00000000f1180000)
 ParOldGen       total 698880K, used 453848K [0x00000000c0000000, 0x00000000eaa80000, 0x00000000eaa80000)
  object space 698880K, 64% used [0x00000000c0000000,0x00000000dbb36248,0x00000000eaa80000)
 PSPermGen       total 80384K, used 78569K [0x0000000080000000, 0x0000000084e80000, 0x00000000c0000000)
  object space 80384K, 97% used [0x0000000080000000,0x0000000084cba430,0x0000000084e80000)
Event: 477168,003 GC heap after
Heap after GC invocations=2411 (full 53):
 PSYoungGen      total 96256K, used 2976K [0x00000000eaa80000, 0x00000000f1a80000, 0x0000000100000000)
  eden space 93184K, 0% used [0x00000000eaa80000,0x00000000eaa80000,0x00000000f0580000)
  from space 3072K, 96% used [0x00000000f0680000,0x00000000f0968010,0x00000000f0980000)
  to   space 10752K, 0% used [0x00000000f1000000,0x00000000f1000000,0x00000000f1a80000)
 ParOldGen       total 698880K, used 453848K [0x00000000c0000000, 0x00000000eaa80000, 0x00000000eaa80000)
  object space 698880K, 64% used [0x00000000c0000000,0x00000000dbb36248,0x00000000eaa80000)
 PSPermGen       total 80384K, used 78569K [0x0000000080000000, 0x0000000084e80000, 0x00000000c0000000)
  object space 80384K, 97% used [0x0000000080000000,0x0000000084cba430,0x0000000084e80000)
}
Event: 481369,335 GC heap before
{Heap before GC invocations=2412 (full 53):
 PSYoungGen      total 96256K, used 96160K [0x00000000eaa80000, 0x00000000f1a80000, 0x0000000100000000)
  eden space 93184K, 100% used [0x00000000eaa80000,0x00000000f0580000,0x00000000f0580000)
  from space 3072K, 96% used [0x00000000f0680000,0x00000000f0968010,0x00000000f0980000)
  to   space 10752K, 0% used [0x00000000f1000000,0x00000000f1000000,0x00000000f1a80000)
 ParOldGen       total 698880K, used 453848K [0x00000000c0000000, 0x00000000eaa80000, 0x00000000eaa80000)
  object space 698880K, 64% used [0x00000000c0000000,0x00000000dbb36248,0x00000000eaa80000)
 PSPermGen       total 80384K, used 78569K [0x0000000080000000, 0x0000000084e80000, 0x00000000c0000000)
  object space 80384K, 97% used [0x0000000080000000,0x0000000084cba430,0x0000000084e80000)
Event: 481369,347 GC heap after
Heap after GC invocations=2412 (full 53):
 PSYoungGen      total 100864K, used 2528K [0x00000000eaa80000, 0x00000000f1880000, 0x0000000100000000)
  eden space 92160K, 0% used [0x00000000eaa80000,0x00000000eaa80000,0x00000000f0480000)
  from space 8704K, 29% used [0x00000000f1000000,0x00000000f1278010,0x00000000f1880000)
  to   space 10240K, 0% used [0x00000000f0480000,0x00000000f0480000,0x00000000f0e80000)
 ParOldGen       total 698880K, used 453848K [0x00000000c0000000, 0x00000000eaa80000, 0x00000000eaa80000)
  object space 698880K, 64% used [0x00000000c0000000,0x00000000dbb36248,0x00000000eaa80000)
 PSPermGen       total 80384K, used 78569K [0x0000000080000000, 0x0000000084e80000, 0x00000000c0000000)
  object space 80384K, 97% used [0x0000000080000000,0x0000000084cba430,0x0000000084e80000)
}
Event: 485570,630 GC heap before
{Heap before GC invocations=2413 (full 53):
 PSYoungGen      total 100864K, used 94688K [0x00000000eaa80000, 0x00000000f1880000, 0x0000000100000000)
  eden space 92160K, 100% used [0x00000000eaa80000,0x00000000f0480000,0x00000000f0480000)
  from space 8704K, 29% used [0x00000000f1000000,0x00000000f1278010,0x00000000f1880000)
  to   space 10240K, 0% used [0x00000000f0480000,0x00000000f0480000,0x00000000f0e80000)
 ParOldGen       total 698880K, used 453848K [0x00000000c0000000, 0x00000000eaa80000, 0x00000000eaa80000)
  object space 698880K, 64% used [0x00000000c0000000,0x00000000dbb36248,0x00000000eaa80000)
 PSPermGen       total 80384K, used 78569K [0x0000000080000000, 0x0000000084e80000, 0x00000000c0000000)
  object space 80384K, 97% used [0x0000000080000000,0x0000000084cba430,0x0000000084e80000)
Event: 485570,646 GC heap after
Heap after GC invocations=2413 (full 53):
 PSYoungGen      total 93696K, used 1792K [0x00000000eaa80000, 0x00000000f1700000, 0x0000000100000000)
  eden space 91648K, 0% used [0x00000000eaa80000,0x00000000eaa80000,0x00000000f0400000)
  from space 2048K, 87% used [0x00000000f0480000,0x00000000f0640010,0x00000000f0680000)
  to   space 9728K, 0% used [0x00000000f0d80000,0x00000000f0d80000,0x00000000f1700000)
 ParOldGen       total 698880K, used 453848K [0x00000000c0000000, 0x00000000eaa80000, 0x00000000eaa80000)
  object space 698880K, 64% used [0x00000000c0000000,0x00000000dbb36248,0x00000000eaa80000)
 PSPermGen       total 80384K, used 78569K [0x0000000080000000, 0x0000000084e80000, 0x00000000c0000000)
  object space 80384K, 97% used [0x0000000080000000,0x0000000084cba430,0x0000000084e80000)
}
Event: 489771,822 GC heap before
{Heap before GC invocations=2414 (full 53):
 PSYoungGen      total 93696K, used 93440K [0x00000000eaa80000, 0x00000000f1700000, 0x0000000100000000)
  eden space 91648K, 100% used [0x00000000eaa80000,0x00000000f0400000,0x00000000f0400000)
  from space 2048K, 87% used [0x00000000f0480000,0x00000000f0640010,0x00000000f0680000)
  to   space 9728K, 0% used [0x00000000f0d80000,0x00000000f0d80000,0x00000000f1700000)
 ParOldGen       total 698880K, used 453848K [0x00000000c0000000, 0x00000000eaa80000, 0x00000000eaa80000)
  object space 698880K, 64% used [0x00000000c0000000,0x00000000dbb36248,0x00000000eaa80000)
 PSPermGen       total 80384K, used 78569K [0x0000000080000000, 0x0000000084e80000, 0x00000000c0000000)
  object space 80384K, 97% used [0x0000000080000000,0x0000000084cba430,0x0000000084e80000)
Event: 489771,836 GC heap after
Heap after GC invocations=2414 (full 53):
 PSYoungGen      total 99328K, used 864K [0x00000000eaa80000, 0x00000000f1580000, 0x0000000100000000)
  eden space 91136K, 0% used [0x00000000eaa80000,0x00000000eaa80000,0x00000000f0380000)
  from space 8192K, 10% used [0x00000000f0d80000,0x00000000f0e58010,0x00000000f1580000)
  to   space 9216K, 0% used [0x00000000f0380000,0x00000000f0380000,0x00000000f0c80000)
 ParOldGen       total 698880K, used 453848K [0x00000000c0000000, 0x00000000eaa80000, 0x00000000eaa80000)
  object space 698880K, 64% used [0x00000000c0000000,0x00000000dbb36248,0x00000000eaa80000)
 PSPermGen       total 80384K, used 78569K [0x0000000080000000, 0x0000000084e80000, 0x00000000c0000000)
  object space 80384K, 97% used [0x0000000080000000,0x0000000084cba430,0x0000000084e80000)
}
Event: 493673,043 GC heap before
{Heap before GC invocations=2415 (full 53):
 PSYoungGen      total 99328K, used 91007K [0x00000000eaa80000, 0x00000000f1580000, 0x0000000100000000)
  eden space 91136K, 98% used [0x00000000eaa80000,0x00000000f0287c18,0x00000000f0380000)
  from space 8192K, 10% used [0x00000000f0d80000,0x00000000f0e58010,0x00000000f1580000)
  to   space 9216K, 0% used [0x00000000f0380000,0x00000000f0380000,0x00000000f0c80000)
 ParOldGen       total 698880K, used 453848K [0x00000000c0000000, 0x00000000eaa80000, 0x00000000eaa80000)
  object space 698880K, 64% used [0x00000000c0000000,0x00000000dbb36248,0x00000000eaa80000)
 PSPermGen       total 80384K, used 78569K [0x0000000080000000, 0x0000000084e80000, 0x00000000c0000000)
  object space 80384K, 97% used [0x0000000080000000,0x0000000084cba430,0x0000000084e80000)
Event: 493673,056 GC heap after
Heap after GC invocations=2415 (full 53):
 PSYoungGen      total 94720K, used 3616K [0x00000000eaa80000, 0x00000000f1400000, 0x0000000100000000)
  eden space 90624K, 0% used [0x00000000eaa80000,0x00000000eaa80000,0x00000000f0300000)
  from space 4096K, 88% used [0x00000000f0380000,0x00000000f0708010,0x00000000f0780000)
  to   space 8704K, 0% used [0x00000000f0b80000,0x00000000f0b80000,0x00000000f1400000)
 ParOldGen       total 698880K, used 453848K [0x00000000c0000000, 0x00000000eaa80000, 0x00000000eaa80000)
  object space 698880K, 64% used [0x00000000c0000000,0x00000000dbb36248,0x00000000eaa80000)
 PSPermGen       total 80384K, used 78569K [0x0000000080000000, 0x0000000084e80000, 0x00000000c0000000)
  object space 80384K, 97% used [0x0000000080000000,0x0000000084cba430,0x0000000084e80000)
}

